Base path: /Applications/Unity/Unity.app/Contents
Pipe name: \\.\pipe\UnityShaderCompiler-1--1552457728
Cmd: getPlatforms
Cmd: preprocess
  insize=1272 outsize=1443 ok=1
Cmd: compileSnippet
  api=0 type=0 insize=5170 outsize=1509 kw=DIRECTIONAL SHADOWS_OFF LIGHTMAP_OFF DIRLIGHTMAP_OFF ok=1
Cmd: compileSnippet
  api=0 type=1 insize=5170 outsize=703 kw=DIRECTIONAL SHADOWS_OFF LIGHTMAP_OFF DIRLIGHTMAP_OFF ok=1
Cmd: compileSnippet
  api=0 type=0 insize=2783 outsize=1046 kw=POINT ok=1
Cmd: compileSnippet
  api=0 type=1 insize=2783 outsize=501 kw=POINT ok=1
Cmd: compileSnippet
  api=0 type=0 insize=2760 outsize=857 kw= ok=1
Cmd: compileSnippet
  api=0 type=1 insize=2760 outsize=250 kw= ok=1
Cmd: compileSnippet
  api=0 type=0 insize=4846 outsize=1406 kw=LIGHTMAP_OFF DIRLIGHTMAP_OFF HDR_LIGHT_PREPASS_OFF ok=1
Cmd: compileSnippet
  api=0 type=1 insize=4846 outsize=711 kw=LIGHTMAP_OFF DIRLIGHTMAP_OFF HDR_LIGHT_PREPASS_OFF ok=1
Cmd: preprocess
  insize=1439 outsize=1570 ok=1
Cmd: compileSnippet
  api=0 type=0 insize=5336 outsize=1509 kw=DIRECTIONAL SHADOWS_OFF LIGHTMAP_OFF DIRLIGHTMAP_OFF ok=1
Cmd: compileSnippet
  api=0 type=1 insize=5336 outsize=1111 kw=DIRECTIONAL SHADOWS_OFF LIGHTMAP_OFF DIRLIGHTMAP_OFF ok=1
Cmd: compileSnippet
  api=0 type=0 insize=2986 outsize=1314 kw=POINT ok=1
Cmd: compileSnippet
  api=0 type=1 insize=2986 outsize=851 kw=POINT ok=1
Cmd: compileSnippet
  api=0 type=0 insize=2800 outsize=857 kw= ok=1
Cmd: compileSnippet
  api=0 type=1 insize=2800 outsize=267 kw= ok=1
Cmd: compileSnippet
  api=0 type=0 insize=4956 outsize=1406 kw=LIGHTMAP_OFF DIRLIGHTMAP_OFF HDR_LIGHT_PREPASS_OFF ok=1
Cmd: compileSnippet
  api=0 type=1 insize=4956 outsize=810 kw=LIGHTMAP_OFF DIRLIGHTMAP_OFF HDR_LIGHT_PREPASS_OFF ok=1
Cmd: preprocess
  insize=1028 outsize=1024 ok=1
Cmd: compileSnippet
  api=0 type=0 insize=4940 outsize=1438 kw=DIRECTIONAL LIGHTMAP_OFF DIRLIGHTMAP_OFF ok=1
Cmd: compileSnippet
  api=0 type=1 insize=4940 outsize=584 kw=DIRECTIONAL LIGHTMAP_OFF DIRLIGHTMAP_OFF ok=1
Cmd: compileSnippet
  api=0 type=0 insize=2645 outsize=1046 kw=POINT ok=1
Cmd: compileSnippet
  api=0 type=1 insize=2645 outsize=490 kw=POINT ok=1
Cmd: preprocess
  insize=1077 outsize=1388 ok=1
Cmd: compileSnippet
  api=0 type=0 insize=5028 outsize=1438 kw=DIRECTIONAL SHADOWS_OFF LIGHTMAP_OFF DIRLIGHTMAP_OFF ok=1
Cmd: compileSnippet
  api=0 type=1 insize=5028 outsize=617 kw=DIRECTIONAL SHADOWS_OFF LIGHTMAP_OFF DIRLIGHTMAP_OFF ok=1
Cmd: compileSnippet
  api=0 type=0 insize=2738 outsize=1046 kw=POINT ok=1
Cmd: compileSnippet
  api=0 type=1 insize=2738 outsize=528 kw=POINT ok=1
Cmd: compileSnippet
  api=0 type=0 insize=2846 outsize=924 kw= ok=1
Cmd: compileSnippet
  api=0 type=1 insize=2846 outsize=351 kw= ok=1
Cmd: compileSnippet
  api=0 type=0 insize=4687 outsize=1335 kw=LIGHTMAP_OFF DIRLIGHTMAP_OFF HDR_LIGHT_PREPASS_OFF ok=1
Cmd: compileSnippet
  api=0 type=1 insize=4687 outsize=598 kw=LIGHTMAP_OFF DIRLIGHTMAP_OFF HDR_LIGHT_PREPASS_OFF ok=1
Cmd: preprocess
  insize=1105 outsize=956 ok=1
Cmd: compileSnippet
  api=0 type=0 insize=4855 outsize=919 kw=DIRECTIONAL LIGHTMAP_OFF DIRLIGHTMAP_OFF ok=1
Cmd: compileSnippet
  api=0 type=1 insize=4855 outsize=226 kw=DIRECTIONAL LIGHTMAP_OFF DIRLIGHTMAP_OFF ok=1
Cmd: compileSnippet
  api=0 type=0 insize=2876 outsize=817 kw=POINT ok=1
Cmd: compileSnippet
  api=0 type=1 insize=2876 outsize=160 kw=POINT ok=1
Cmd: preprocess
  insize=1310 outsize=1509 ok=1
Cmd: compileSnippet
  api=0 type=0 insize=5264 outsize=1509 kw=DIRECTIONAL SHADOWS_OFF LIGHTMAP_OFF DIRLIGHTMAP_OFF ok=1
Cmd: compileSnippet
  api=0 type=1 insize=5264 outsize=1261 kw=DIRECTIONAL SHADOWS_OFF LIGHTMAP_OFF DIRLIGHTMAP_OFF ok=1
Cmd: compileSnippet
  api=0 type=0 insize=3024 outsize=1385 kw=POINT ok=1
Cmd: compileSnippet
  api=0 type=1 insize=3024 outsize=1100 kw=POINT ok=1
Cmd: compileSnippet
  api=0 type=0 insize=2866 outsize=924 kw= ok=1
Cmd: compileSnippet
  api=0 type=1 insize=2866 outsize=485 kw= ok=1
Cmd: compileSnippet
  api=0 type=0 insize=4884 outsize=1406 kw=LIGHTMAP_OFF DIRLIGHTMAP_OFF HDR_LIGHT_PREPASS_OFF ok=1
Cmd: compileSnippet
  api=0 type=1 insize=4884 outsize=929 kw=LIGHTMAP_OFF DIRLIGHTMAP_OFF HDR_LIGHT_PREPASS_OFF ok=1
Cmd: preprocess
  insize=1560 outsize=1615 ok=1
Cmd: compileSnippet
  api=0 type=0 insize=5574 outsize=1575 kw=DIRECTIONAL SHADOWS_OFF LIGHTMAP_OFF DIRLIGHTMAP_OFF ok=1
Cmd: compileSnippet
  api=0 type=1 insize=5574 outsize=1370 kw=DIRECTIONAL SHADOWS_OFF LIGHTMAP_OFF DIRLIGHTMAP_OFF ok=1
Cmd: compileSnippet
  api=0 type=0 insize=3168 outsize=1385 kw=POINT ok=1
Cmd: compileSnippet
  api=0 type=1 insize=3168 outsize=1100 kw=POINT ok=1
Cmd: compileSnippet
  api=0 type=0 insize=3010 outsize=924 kw= ok=1
Cmd: compileSnippet
  api=0 type=1 insize=3010 outsize=485 kw= ok=1
Cmd: compileSnippet
  api=0 type=0 insize=5166 outsize=1472 kw=LIGHTMAP_OFF DIRLIGHTMAP_OFF HDR_LIGHT_PREPASS_OFF ok=1
Cmd: compileSnippet
  api=0 type=1 insize=5166 outsize=1045 kw=LIGHTMAP_OFF DIRLIGHTMAP_OFF HDR_LIGHT_PREPASS_OFF ok=1
Cmd: preprocess
  insize=1022 outsize=1336 ok=1
Cmd: compileSnippet
  api=0 type=0 insize=4916 outsize=1438 kw=DIRECTIONAL SHADOWS_OFF LIGHTMAP_OFF DIRLIGHTMAP_OFF ok=1
Cmd: compileSnippet
  api=0 type=1 insize=4916 outsize=600 kw=DIRECTIONAL SHADOWS_OFF LIGHTMAP_OFF DIRLIGHTMAP_OFF ok=1
Cmd: compileSnippet
  api=0 type=0 insize=2639 outsize=1046 kw=POINT ok=1
Cmd: compileSnippet
  api=0 type=1 insize=2639 outsize=501 kw=POINT ok=1
Cmd: compileSnippet
  api=0 type=0 insize=2616 outsize=857 kw= ok=1
Cmd: compileSnippet
  api=0 type=1 insize=2616 outsize=250 kw= ok=1
Cmd: compileSnippet
  api=0 type=0 insize=4592 outsize=1335 kw=LIGHTMAP_OFF DIRLIGHTMAP_OFF HDR_LIGHT_PREPASS_OFF ok=1
Cmd: compileSnippet
  api=0 type=1 insize=4592 outsize=597 kw=LIGHTMAP_OFF DIRLIGHTMAP_OFF HDR_LIGHT_PREPASS_OFF ok=1
Cmd: preprocess
  insize=1254 outsize=1194 ok=1
Cmd: compileSnippet
  api=0 type=0 insize=5123 outsize=1438 kw=DIRECTIONAL LIGHTMAP_OFF DIRLIGHTMAP_OFF ok=1
Cmd: compileSnippet
  api=0 type=1 insize=5123 outsize=957 kw=DIRECTIONAL LIGHTMAP_OFF DIRLIGHTMAP_OFF ok=1
Cmd: compileSnippet
  api=0 type=0 insize=2865 outsize=1314 kw=POINT ok=1
Cmd: compileSnippet
  api=0 type=1 insize=2865 outsize=849 kw=POINT ok=1
Cmd: preprocess
  insize=2377 outsize=1091 ok=1
Cmd: compileSnippet
  api=0 type=0 insize=1588 outsize=397 kw=SOFTPARTICLES_OFF ok=1
Cmd: compileSnippet
  api=0 type=1 insize=1588 outsize=269 kw=SOFTPARTICLES_OFF ok=1
Cmd: preprocess
  insize=1524 outsize=1371 ok=1
Cmd: compileSnippet
  api=0 type=0 insize=5395 outsize=1438 kw=DIRECTIONAL SHADOWS_OFF LIGHTMAP_OFF DIRLIGHTMAP_OFF ok=1
Cmd: compileSnippet
  api=0 type=1 insize=5395 outsize=495 kw=DIRECTIONAL SHADOWS_OFF LIGHTMAP_OFF DIRLIGHTMAP_OFF ok=1
Cmd: compileSnippet
  api=0 type=0 insize=3118 outsize=1046 kw=POINT ok=1
Cmd: compileSnippet
  api=0 type=1 insize=3118 outsize=208 kw=POINT ok=1
Cmd: compileSnippet
  api=0 type=0 insize=3083 outsize=857 kw= ok=1
Cmd: compileSnippet
  api=0 type=1 insize=3083 outsize=250 kw= ok=1
Cmd: compileSnippet
  api=0 type=0 insize=5071 outsize=1335 kw=LIGHTMAP_OFF DIRLIGHTMAP_OFF HDR_LIGHT_PREPASS_OFF ok=1
Cmd: compileSnippet
  api=0 type=1 insize=5071 outsize=453 kw=LIGHTMAP_OFF DIRLIGHTMAP_OFF HDR_LIGHT_PREPASS_OFF ok=1
Cmd: preprocess
  insize=1165 outsize=1382 ok=1
Cmd: compileSnippet
  api=0 type=0 insize=5120 outsize=1509 kw=DIRECTIONAL SHADOWS_OFF LIGHTMAP_OFF DIRLIGHTMAP_OFF ok=1
Cmd: compileSnippet
  api=0 type=1 insize=5120 outsize=844 kw=DIRECTIONAL SHADOWS_OFF LIGHTMAP_OFF DIRLIGHTMAP_OFF ok=1
Cmd: compileSnippet
  api=0 type=0 insize=2843 outsize=1117 kw=POINT ok=1
Cmd: compileSnippet
  api=0 type=1 insize=2843 outsize=730 kw=POINT ok=1
Cmd: compileSnippet
  api=0 type=0 insize=2848 outsize=924 kw= ok=1
Cmd: compileSnippet
  api=0 type=1 insize=2848 outsize=466 kw= ok=1
Cmd: compileSnippet
  api=0 type=0 insize=4796 outsize=1406 kw=LIGHTMAP_OFF DIRLIGHTMAP_OFF HDR_LIGHT_PREPASS_OFF ok=1
Cmd: compileSnippet
  api=0 type=1 insize=4796 outsize=828 kw=LIGHTMAP_OFF DIRLIGHTMAP_OFF HDR_LIGHT_PREPASS_OFF ok=1
Cmd: preprocess
  insize=1154 outsize=1435 ok=1
Cmd: compileSnippet
  api=0 type=0 insize=5166 outsize=1509 kw=DIRECTIONAL SHADOWS_OFF LIGHTMAP_OFF DIRLIGHTMAP_OFF ok=1
Cmd: compileSnippet
  api=0 type=1 insize=5166 outsize=859 kw=DIRECTIONAL SHADOWS_OFF LIGHTMAP_OFF DIRLIGHTMAP_OFF ok=1
Cmd: compileSnippet
  api=0 type=0 insize=2876 outsize=1117 kw=POINT ok=1
Cmd: compileSnippet
  api=0 type=1 insize=2876 outsize=761 kw=POINT ok=1
Cmd: compileSnippet
  api=0 type=0 insize=2984 outsize=995 kw= ok=1
Cmd: compileSnippet
  api=0 type=1 insize=2984 outsize=572 kw= ok=1
Cmd: compileSnippet
  api=0 type=0 insize=4825 outsize=1406 kw=LIGHTMAP_OFF DIRLIGHTMAP_OFF HDR_LIGHT_PREPASS_OFF ok=1
Cmd: compileSnippet
  api=0 type=1 insize=4825 outsize=831 kw=LIGHTMAP_OFF DIRLIGHTMAP_OFF HDR_LIGHT_PREPASS_OFF ok=1
Cmd: preprocess
  insize=2381 outsize=1100 ok=1
Cmd: compileSnippet
  api=0 type=0 insize=1583 outsize=397 kw=SOFTPARTICLES_OFF ok=1
Cmd: compileSnippet
  api=0 type=1 insize=1583 outsize=269 kw=SOFTPARTICLES_OFF ok=1
Cmd: preprocess
  insize=1164 outsize=1461 ok=1
Cmd: compileSnippet
  api=0 type=0 insize=5059 outsize=1438 kw=DIRECTIONAL SHADOWS_OFF LIGHTMAP_OFF DIRLIGHTMAP_OFF ok=1
Cmd: compileSnippet
  api=0 type=1 insize=5059 outsize=1008 kw=DIRECTIONAL SHADOWS_OFF LIGHTMAP_OFF DIRLIGHTMAP_OFF ok=1
Cmd: compileSnippet
  api=0 type=0 insize=2819 outsize=1314 kw=POINT ok=1
Cmd: compileSnippet
  api=0 type=1 insize=2819 outsize=851 kw=POINT ok=1
Cmd: compileSnippet
  api=0 type=0 insize=2633 outsize=857 kw= ok=1
Cmd: compileSnippet
  api=0 type=1 insize=2633 outsize=267 kw= ok=1
Cmd: compileSnippet
  api=0 type=0 insize=4679 outsize=1335 kw=LIGHTMAP_OFF DIRLIGHTMAP_OFF HDR_LIGHT_PREPASS_OFF ok=1
Cmd: compileSnippet
  api=0 type=1 insize=4679 outsize=705 kw=LIGHTMAP_OFF DIRLIGHTMAP_OFF HDR_LIGHT_PREPASS_OFF ok=1
Cmd: compileSnippet
  api=0 type=0 insize=2639 outsize=757 kw=DIRECTIONAL ok=1
Cmd: compileSnippet
  api=0 type=1 insize=2639 outsize=299 kw=DIRECTIONAL ok=1
